.res RES_SPLASH_SCREEN_IMAGE_SMALL
.image "splashSmall.png"
.res RES_SPLASH_SCREEN_IMAGE_MEDIUM
.image "splashMedium.png"
.res RES_SPLASH_SCREEN_IMAGE_LARGE
.image "splashLarge.png"
.res RES_PLAY_BTN_IMAGE_SMALL
.image "PlayBtnSmall.png"
.res RES_PLAY_BTN_IMAGE_MEDIUM
.image "PlayBtnMedium.png"
.res RES_PLAY_BTN_IMAGE_LARGE
.image "PlayBtnLarge.png"
.res RES_SETTINGS_BTN_IMAGE_SMALL
.image "SettingsBtnSmall.png"
.res RES_SETTINGS_BTN_IMAGE_MEDIUM
.image "SettingsBtnMedium.png"
.res RES_SETTINGS_BTN_IMAGE_LARGE
.image "SettingsBtnLarge.png"
.res RES_ABOUT_BTN_IMAGE_SMALL
.image "AboutBtnSmall.png"
.res RES_ABOUT_BTN_IMAGE_MEDIUM
.image "AboutBtnMedium.png"
.res RES_ABOUT_BTN_IMAGE_LARGE
.image "AboutBtnLarge.png"
